c:\users\korch\source\repos\mainocean\mainocean\x64\debug\vc142.pdb
c:\users\korch\source\repos\mainocean\mainocean\x64\debug\vc142.idb
c:\users\korch\source\repos\mainocean\mainocean\x64\debug\random.obj
c:\users\korch\source\repos\mainocean\mainocean\x64\debug\prey.obj
c:\users\korch\source\repos\mainocean\mainocean\x64\debug\predator.obj
c:\users\korch\source\repos\mainocean\mainocean\x64\debug\oceanviewconsole.obj
c:\users\korch\source\repos\mainocean\mainocean\x64\debug\ocean.obj
c:\users\korch\source\repos\mainocean\mainocean\x64\debug\mainocean.obj
c:\users\korch\source\repos\mainocean\mainocean\x64\debug\coordinate.obj
c:\users\korch\source\repos\mainocean\mainocean\x64\debug\cell.obj
c:\users\korch\source\repos\mainocean\mainocean\x64\debug\constants.obj
c:\users\korch\source\repos\mainocean\mainocean\x64\debug\tests.obj
c:\users\korch\source\repos\mainocean\mainocean\x64\debug\pch.obj
c:\users\korch\source\repos\mainocean\x64\debug\gtest.pdb
c:\users\korch\source\repos\mainocean\x64\debug\gtest_main.pdb
c:\users\korch\source\repos\mainocean\x64\debug\mainocean.exe
c:\users\korch\source\repos\mainocean\mainocean\x64\debug\mainocean.ilk
c:\users\korch\source\repos\mainocean\x64\debug\mainocean.pdb
c:\users\korch\source\repos\mainocean\mainocean\x64\debug\mainocean.tlog\cl.command.1.tlog
c:\users\korch\source\repos\mainocean\mainocean\x64\debug\mainocean.tlog\cl.read.1.tlog
c:\users\korch\source\repos\mainocean\mainocean\x64\debug\mainocean.tlog\cl.write.1.tlog
c:\users\korch\source\repos\mainocean\mainocean\x64\debug\mainocean.tlog\copylocal.read.1u.tlog
c:\users\korch\source\repos\mainocean\mainocean\x64\debug\mainocean.tlog\copylocal.write.1u.tlog
c:\users\korch\source\repos\mainocean\mainocean\x64\debug\mainocean.tlog\link.command.1.tlog
c:\users\korch\source\repos\mainocean\mainocean\x64\debug\mainocean.tlog\link.read.1.tlog
c:\users\korch\source\repos\mainocean\mainocean\x64\debug\mainocean.tlog\link.write.1.tlog
